F:\MYPROJECT\MYENGINE\GALENGINE\DEBUG\BACKGROUND.OBJ
F:\MYPROJECT\MYENGINE\GALENGINE\DEBUG\FONT.OBJ
F:\MYPROJECT\MYENGINE\GALENGINE\DEBUG\FONTSTRING.OBJ
F:\MYPROJECT\MYENGINE\GALENGINE\DEBUG\FPS.OBJ
F:\MYPROJECT\MYENGINE\GALENGINE\DEBUG\GAMEMANAGE.OBJ
F:\MYPROJECT\MYENGINE\GALENGINE\DEBUG\KEYMANAGER.OBJ
F:\MYPROJECT\MYENGINE\GALENGINE\DEBUG\MYGAME.OBJ
F:\MYPROJECT\MYENGINE\GALENGINE\DEBUG\PARSE.OBJ
F:\MYPROJECT\MYENGINE\GALENGINE\DEBUG\RESOURCEMANAGER.OBJ
F:\MYPROJECT\MYENGINE\GALENGINE\DEBUG\STRINGMANAGER.OBJ
F:\MYPROJECT\MYENGINE\GALENGINE\DEBUG\STYLE.OBJ
F:\MYPROJECT\MYENGINE\GALENGINE\DEBUG\SYSCONFIG.OBJ
F:\MYPROJECT\MYENGINE\GALENGINE\DEBUG\UIPARSE.OBJ
F:\MYPROJECT\MYENGINE\GALENGINE\DEBUG\VC110.PDB
F:\MYPROJECT\MYENGINE\GALENGINE\DEBUG\RECTANGLE.OBJ
F:\MYPROJECT\MYENGINE\DEBUG\GALENGINE.ILK
F:\MYPROJECT\MYENGINE\DEBUG\GALENGINE.EXE
F:\MYPROJECT\MYENGINE\DEBUG\GALENGINE.PDB
F:\myProject\myEngine\galEngine\Debug\background.obj
F:\myProject\myEngine\galEngine\Debug\font.obj
F:\myProject\myEngine\galEngine\Debug\fontString.obj
F:\myProject\myEngine\galEngine\Debug\fps.obj
F:\myProject\myEngine\galEngine\Debug\gameManage.obj
F:\myProject\myEngine\galEngine\Debug\keyManager.obj
F:\myProject\myEngine\galEngine\Debug\myGame.obj
F:\myProject\myEngine\galEngine\Debug\parse.obj
F:\myProject\myEngine\galEngine\Debug\rectangle.obj
F:\myProject\myEngine\galEngine\Debug\resourceManager.obj
F:\myProject\myEngine\galEngine\Debug\stringManager.obj
F:\myProject\myEngine\galEngine\Debug\style.obj
F:\myProject\myEngine\galEngine\Debug\sysConfig.obj
F:\myProject\myEngine\galEngine\Debug\UIParse.obj
F:\myProject\myEngine\galEngine\Debug\cl.command.1.tlog
F:\myProject\myEngine\galEngine\Debug\CL.read.1.tlog
F:\myProject\myEngine\galEngine\Debug\CL.write.1.tlog
F:\myProject\myEngine\galEngine\Debug\link-cvtres.read.1.tlog
F:\myProject\myEngine\galEngine\Debug\link-cvtres.write.1.tlog
F:\myProject\myEngine\galEngine\Debug\link-rc.read.1.tlog
F:\myProject\myEngine\galEngine\Debug\link-rc.write.1.tlog
F:\myProject\myEngine\galEngine\Debug\link.1464-cvtres.read.1.tlog
F:\myProject\myEngine\galEngine\Debug\link.1464-cvtres.write.1.tlog
F:\myProject\myEngine\galEngine\Debug\link.1464-rc.read.1.tlog
F:\myProject\myEngine\galEngine\Debug\link.1464-rc.write.1.tlog
F:\myProject\myEngine\galEngine\Debug\link.1464.read.1.tlog
F:\myProject\myEngine\galEngine\Debug\link.1464.write.1.tlog
F:\myProject\myEngine\galEngine\Debug\link.command.1.tlog
F:\myProject\myEngine\galEngine\Debug\link.read.1.tlog
F:\myProject\myEngine\galEngine\Debug\link.write.1.tlog
F:\myProject\myEngine\galEngine\Debug\vc110.idb
F:\myProject\myEngine\galEngine\Debug\vc110.pdb
F:\myProject\myEngine\Debug\galEngine.pdb
